[debug] [2023-05-10T11:22:17.977Z] ----------------------------------------------------------------------
[debug] [2023-05-10T11:22:17.980Z] Command:       C:\Program Files\nodejs\node.exe C:\Users\SWAMY\AppData\Roaming\npm\node_modules\firebase-tools\lib\bin\firebase.js init
[debug] [2023-05-10T11:22:17.981Z] CLI Version:   11.29.1
[debug] [2023-05-10T11:22:17.981Z] Platform:      win32
[debug] [2023-05-10T11:22:17.982Z] Node Version:  v18.14.2
[debug] [2023-05-10T11:22:17.983Z] Time:          Wed May 10 2023 16:52:17 GMT+0530 (India Standard Time)
[debug] [2023-05-10T11:22:17.983Z] ----------------------------------------------------------------------
[debug] 
[debug] [2023-05-10T11:22:17.987Z] >>> [apiv2][query] GET https://firebase-public.firebaseio.com/cli.json [none]
[debug] [2023-05-10T11:22:18.110Z] > command requires scopes: ["email","openid","https://www.googleapis.com/auth/cloudplatformprojects.readonly","https://www.googleapis.com/auth/firebase","https://www.googleapis.com/auth/cloud-platform"]
[debug] [2023-05-10T11:22:18.111Z] > authorizing via signed-in user (thudumswamy786@gmail.com)
[info] 
     ######## #### ########  ######## ########     ###     ######  ########
     ##        ##  ##     ## ##       ##     ##  ##   ##  ##       ##
     ######    ##  ########  ######   ########  #########  ######  ######
     ##        ##  ##    ##  ##       ##     ## ##     ##       ## ##
     ##       #### ##     ## ######## ########  ##     ##  ######  ########

You're about to initialize a Firebase project in this directory:

  C:\Users\SWAMY\OneDrive\Desktop\Full-Stack-Applications\Angular\job-portal-app

Before we get started, keep in mind:

  * You are initializing within an existing Firebase project directory

[debug] [2023-05-10T11:22:18.751Z] <<< [apiv2][status] GET https://firebase-public.firebaseio.com/cli.json 200
[debug] [2023-05-10T11:22:18.752Z] <<< [apiv2][body] GET https://firebase-public.firebaseio.com/cli.json {"cloudBuildErrorAfter":1594252800000,"cloudBuildWarnAfter":1590019200000,"defaultNode10After":1594252800000,"minVersion":"3.0.5","node8DeploysDisabledAfter":1613390400000,"node8RuntimeDisabledAfter":1615809600000,"node8WarnAfter":1600128000000}
